<?xml version="1.0" encoding="UTF-8" ?>

<testsuite failures="0" time="0.431" errors="0" skipped="0" tests="2" name="models.KingdomTests">
  <testcase classname="models.KingdomTests" name="testAddCard" time="0.154">
      </testcase>
  <testcase classname="models.KingdomTests" name="testPopulate" time="0.277">
      </testcase>
</testsuite>
